{
  "RSpec": {
    "coverage": {
      "/Users/loganfinnegan/turing/3mod/r2/projects/lunch-and-learn/app/facades/country_facade.rb": {
        "lines": [
          1,
          1,
          1,
          1,
          null,
          null
        ]
      },
      "/Users/loganfinnegan/turing/3mod/r2/projects/lunch-and-learn/spec/facades/edamam_facade_spec.rb": {
        "lines": [
          1,
          null,
          1,
          1,
          1,
          1,
          1,
          null,
          1,
          1,
          null,
          1,
          1,
          1,
          1,
          1,
          null,
          null,
          null
        ]
      },
      "/Users/loganfinnegan/turing/3mod/r2/projects/lunch-and-learn/app/facades/edamam_facade.rb": {
        "lines": [
          1,
          1,
          3,
          3,
          24,
          null,
          null
        ]
      },
      "/Users/loganfinnegan/turing/3mod/r2/projects/lunch-and-learn/spec/poros/recipe_spec.rb": {
        "lines": [
          1,
          null,
          1,
          1,
          1,
          null,
          null,
          1,
          1,
          null,
          1,
          1,
          1,
          1,
          1,
          1,
          null,
          null
        ]
      },
      "/Users/loganfinnegan/turing/3mod/r2/projects/lunch-and-learn/app/poros/recipe.rb": {
        "lines": [
          1,
          1,
          null,
          null,
          null,
          null,
          null,
          1,
          22,
          22,
          22,
          22,
          22,
          null,
          null
        ]
      },
      "/Users/loganfinnegan/turing/3mod/r2/projects/lunch-and-learn/spec/requests/recipes_by_country_spec.rb": {
        "lines": [
          1,
          null,
          1,
          1,
          null,
          null,
          null,
          1,
          1,
          1,
          1,
          null,
          1,
          null,
          1,
          1,
          null,
          1,
          null,
          1,
          null,
          1,
          null,
          1,
          1,
          1,
          1,
          null,
          null,
          null,
          null,
          1,
          1,
          0,
          null,
          0,
          0,
          null,
          0,
          null,
          0,
          null,
          0,
          null,
          0,
          null,
          0,
          0,
          0,
          0,
          null,
          null,
          null,
          null,
          1,
          1,
          1,
          1,
          null,
          1,
          null,
          1,
          1,
          1,
          null,
          1,
          null,
          null,
          null,
          null,
          null
        ]
      },
      "/Users/loganfinnegan/turing/3mod/r2/projects/lunch-and-learn/spec/services/country_service_spec.rb": {
        "lines": [
          1,
          null,
          1,
          1,
          1,
          1,
          1,
          null,
          1,
          1,
          1,
          null,
          null,
          null,
          null
        ]
      },
      "/Users/loganfinnegan/turing/3mod/r2/projects/lunch-and-learn/app/services/country_service.rb": {
        "lines": [
          1,
          1,
          2,
          2,
          null,
          2,
          null,
          null,
          1,
          null,
          1,
          2,
          null,
          null,
          null
        ]
      },
      "/Users/loganfinnegan/turing/3mod/r2/projects/lunch-and-learn/spec/services/edamam_service_spec.rb": {
        "lines": [
          1,
          null,
          1,
          1,
          1,
          1,
          1,
          1,
          null,
          1,
          1,
          1,
          null,
          null,
          null
        ]
      },
      "/Users/loganfinnegan/turing/3mod/r2/projects/lunch-and-learn/app/services/edamam_service.rb": {
        "lines": [
          1,
          1,
          4,
          4,
          4,
          4,
          null,
          4,
          null,
          null,
          1,
          null,
          1,
          4,
          null,
          null,
          null
        ]
      },
      "/Users/loganfinnegan/turing/3mod/r2/projects/lunch-and-learn/spec/services/youtube_service_spec.rb": {
        "lines": [
          1,
          null,
          1,
          1,
          1,
          1,
          1,
          1,
          null,
          1,
          1,
          1,
          null,
          null,
          null
        ]
      },
      "/Users/loganfinnegan/turing/3mod/r2/projects/lunch-and-learn/app/services/youtube_service.rb": {
        "lines": [
          1,
          1,
          1,
          1,
          1,
          null,
          1,
          null,
          null,
          1,
          null,
          1,
          1,
          null,
          null
        ]
      },
      "/Users/loganfinnegan/turing/3mod/r2/projects/lunch-and-learn/app/controllers/api/v1/recipes_controller.rb": {
        "lines": [
          1,
          1,
          2,
          2,
          null,
          0,
          null,
          null,
          2,
          2,
          1,
          null,
          1,
          null,
          null,
          null
        ]
      },
      "/Users/loganfinnegan/turing/3mod/r2/projects/lunch-and-learn/app/controllers/application_controller.rb": {
        "lines": [
          1,
          null
        ]
      },
      "/Users/loganfinnegan/turing/3mod/r2/projects/lunch-and-learn/app/serializers/recipe_serializer.rb": {
        "lines": [
          1,
          1,
          1,
          null
        ]
      }
    },
    "timestamp": 1717877890
  }
}
